Week07_29072/app/build/intermediates/manifest_merge_blame_file/debug/manifest-merger-blame-debug-report.txt
1<?xml version="1.0" encoding="utf-8"?>
2<manifest xmlns:android="http://schemas.android.com/apk/res/android"
3    package="com.example.week07_29072"
4    android:versionCode="1"
5    android:versionName="1.0" >
6
7    <uses-sdk
8        android:minSdkVersion="21"
8-->src\main\AndroidManifest.xml
9        android:targetSdkVersion="30" />
9-->src\main\AndroidManifest.xml
10
11    <uses-feature
11-->src\main\AndroidManifest.xml:4:5-5:35
12        android:name="android.hardware.camera"
12-->src\main\AndroidManifest.xml:4:19-57
13        android:required="true" />
13-->src\main\AndroidManifest.xml:5:9-32
14
15    <application
15-->src\main\AndroidManifest.xml:7:5-24:19
16        android:allowBackup="true"
16-->src\main\AndroidManifest.xml:8:9-35
17        android:appComponentFactory="androidx.core.app.CoreComponentFactory"
17-->[androidx.core:core:1.3.1] AndroidManifest.xml:24:18-86
18        android:debuggable="true"
19        android:icon="@mipmap/ic_launcher"
19-->src\main\AndroidManifest.xml:9:9-43
20        android:label="@string/app_name"
20-->src\main\AndroidManifest.xml:10:9-41
21        android:roundIcon="@mipmap/ic_launcher_round"
21-->src\main\AndroidManifest.xml:11:9-54
22        android:supportsRtl="true"
22-->src\main\AndroidManifest.xml:12:9-35
23        android:testOnly="true"
24        android:theme="@style/Theme.Week07_29072" >
24-->src\main\AndroidManifest.xml:13:9-50
25        <activity android:name="com.example.week07_29072.CameraActivity" />
25-->src\main\AndroidManifest.xml:14:9-51
25-->src\main\AndroidManifest.xml:14:19-49
26        <activity android:name="com.example.week07_29072.VideoActivity" />
26-->src\main\AndroidManifest.xml:15:9-50
26-->src\main\AndroidManifest.xml:15:19-48
27        <activity android:name="com.example.week07_29072.MainActivity" >
27-->src\main\AndroidManifest.xml:16:9-22:20
27-->src\main\AndroidManifest.xml:16:19-47
28            <intent-filter>
28-->src\main\AndroidManifest.xml:17:13-21:29
29                <action android:name="android.intent.action.MAIN" />
29-->src\main\AndroidManifest.xml:18:17-69
29-->src\main\AndroidManifest.xml:18:25-66
30
31                <category android:name="android.intent.category.LAUNCHER" />
31-->src\main\AndroidManifest.xml:20:17-77
31-->src\main\AndroidManifest.xml:20:27-74
32            </intent-filter>
33        </activity>
34        <activity android:name="com.example.week07_29072.DetilVideoActivity" />
34-->src\main\AndroidManifest.xml:23:9-55
34-->src\main\AndroidManifest.xml:23:19-53
35    </application>
36
37</manifest>